[07-May-2015 22:11:51 UTC] PHP Warning:  PHP Startup: Unable to load dynamic library '/usr/lib/php/extensions/no-debug-non-zts-20100525/php_gettext.so' - dlopen(/usr/lib/php/extensions/no-debug-non-zts-20100525/php_gettext.so, 9): image not found in Unknown on line 0
[07-May-2015 22:11:51 UTC] PHP Warning:  PHP Startup: Unable to load dynamic library '/usr/lib/php/extensions/no-debug-non-zts-20100525/pdo_mysql.so' - dlopen(/usr/lib/php/extensions/no-debug-non-zts-20100525/pdo_mysql.so, 9): image not found in Unknown on line 0
[07-May-2015 22:11:51 UTC] PHP Warning:  PHP Startup: Unable to load dynamic library '/usr/local/opt/php56-igbinary/igbinary.so' - dlopen(/usr/local/opt/php56-igbinary/igbinary.so, 9): Symbol not found: _basic_globals
  Referenced from: /usr/local/opt/php56-igbinary/igbinary.so
  Expected in: flat namespace
 in /usr/local/opt/php56-igbinary/igbinary.so in Unknown on line 0
[08-May-2015 01:25:51 UTC] PHP Warning:  PHP Startup: Unable to load dynamic library '/usr/lib/php/extensions/no-debug-non-zts-20100525/php_gettext.so' - dlopen(/usr/lib/php/extensions/no-debug-non-zts-20100525/php_gettext.so, 9): image not found in Unknown on line 0
[08-May-2015 01:25:51 UTC] PHP Warning:  PHP Startup: Unable to load dynamic library '/usr/lib/php/extensions/no-debug-non-zts-20100525/pdo_mysql.so' - dlopen(/usr/lib/php/extensions/no-debug-non-zts-20100525/pdo_mysql.so, 9): image not found in Unknown on line 0
[08-May-2015 01:25:51 UTC] PHP Warning:  PHP Startup: Unable to load dynamic library '/usr/local/opt/php56-igbinary/igbinary.so' - dlopen(/usr/local/opt/php56-igbinary/igbinary.so, 9): Symbol not found: _basic_globals
  Referenced from: /usr/local/opt/php56-igbinary/igbinary.so
  Expected in: flat namespace
 in /usr/local/opt/php56-igbinary/igbinary.so in Unknown on line 0
[09-May-2015 01:38:33 UTC] PHP Warning:  PHP Startup: Unable to load dynamic library '/usr/lib/php/extensions/no-debug-non-zts-20100525/php_gettext.so' - dlopen(/usr/lib/php/extensions/no-debug-non-zts-20100525/php_gettext.so, 9): image not found in Unknown on line 0
[09-May-2015 01:38:33 UTC] PHP Warning:  PHP Startup: Unable to load dynamic library '/usr/lib/php/extensions/no-debug-non-zts-20100525/pdo_mysql.so' - dlopen(/usr/lib/php/extensions/no-debug-non-zts-20100525/pdo_mysql.so, 9): image not found in Unknown on line 0
[09-May-2015 01:38:33 UTC] PHP Warning:  PHP Startup: Unable to load dynamic library '/usr/local/opt/php56-igbinary/igbinary.so' - dlopen(/usr/local/opt/php56-igbinary/igbinary.so, 9): Symbol not found: _basic_globals
  Referenced from: /usr/local/opt/php56-igbinary/igbinary.so
  Expected in: flat namespace
 in /usr/local/opt/php56-igbinary/igbinary.so in Unknown on line 0
[09-May-2015 01:38:53 UTC] PHP Warning:  PHP Startup: Unable to load dynamic library '/usr/lib/php/extensions/no-debug-non-zts-20100525/php_gettext.so' - dlopen(/usr/lib/php/extensions/no-debug-non-zts-20100525/php_gettext.so, 9): image not found in Unknown on line 0
[09-May-2015 01:38:53 UTC] PHP Warning:  PHP Startup: Unable to load dynamic library '/usr/lib/php/extensions/no-debug-non-zts-20100525/pdo_mysql.so' - dlopen(/usr/lib/php/extensions/no-debug-non-zts-20100525/pdo_mysql.so, 9): image not found in Unknown on line 0
[09-May-2015 01:38:53 UTC] PHP Warning:  PHP Startup: Unable to load dynamic library '/usr/local/opt/php56-igbinary/igbinary.so' - dlopen(/usr/local/opt/php56-igbinary/igbinary.so, 9): Symbol not found: _basic_globals
  Referenced from: /usr/local/opt/php56-igbinary/igbinary.so
  Expected in: flat namespace
 in /usr/local/opt/php56-igbinary/igbinary.so in Unknown on line 0
[09-May-2015 01:41:34 UTC] PHP Warning:  PHP Startup: Unable to load dynamic library '/usr/lib/php/extensions/no-debug-non-zts-20100525/php_gettext.so' - dlopen(/usr/lib/php/extensions/no-debug-non-zts-20100525/php_gettext.so, 9): image not found in Unknown on line 0
[09-May-2015 01:41:34 UTC] PHP Warning:  PHP Startup: Unable to load dynamic library '/usr/lib/php/extensions/no-debug-non-zts-20100525/pdo_mysql.so' - dlopen(/usr/lib/php/extensions/no-debug-non-zts-20100525/pdo_mysql.so, 9): image not found in Unknown on line 0
[09-May-2015 01:41:34 UTC] PHP Warning:  PHP Startup: Unable to load dynamic library '/usr/local/opt/php56-igbinary/igbinary.so' - dlopen(/usr/local/opt/php56-igbinary/igbinary.so, 9): Symbol not found: _basic_globals
  Referenced from: /usr/local/opt/php56-igbinary/igbinary.so
  Expected in: flat namespace
 in /usr/local/opt/php56-igbinary/igbinary.so in Unknown on line 0
[09-May-2015 01:42:15 UTC] PHP Warning:  PHP Startup: Unable to load dynamic library '/usr/lib/php/extensions/no-debug-non-zts-20100525/php_gettext.so' - dlopen(/usr/lib/php/extensions/no-debug-non-zts-20100525/php_gettext.so, 9): image not found in Unknown on line 0
[09-May-2015 01:42:15 UTC] PHP Warning:  PHP Startup: Unable to load dynamic library '/usr/lib/php/extensions/no-debug-non-zts-20100525/pdo_mysql.so' - dlopen(/usr/lib/php/extensions/no-debug-non-zts-20100525/pdo_mysql.so, 9): image not found in Unknown on line 0
[09-May-2015 01:42:15 UTC] PHP Warning:  PHP Startup: Unable to load dynamic library '/usr/local/opt/php56-igbinary/igbinary.so' - dlopen(/usr/local/opt/php56-igbinary/igbinary.so, 9): Symbol not found: _basic_globals
  Referenced from: /usr/local/opt/php56-igbinary/igbinary.so
  Expected in: flat namespace
 in /usr/local/opt/php56-igbinary/igbinary.so in Unknown on line 0
[09-May-2015 01:42:23 UTC] PHP Warning:  PHP Startup: Unable to load dynamic library '/usr/lib/php/extensions/no-debug-non-zts-20100525/php_gettext.so' - dlopen(/usr/lib/php/extensions/no-debug-non-zts-20100525/php_gettext.so, 9): image not found in Unknown on line 0
[09-May-2015 01:42:23 UTC] PHP Warning:  PHP Startup: Unable to load dynamic library '/usr/lib/php/extensions/no-debug-non-zts-20100525/pdo_mysql.so' - dlopen(/usr/lib/php/extensions/no-debug-non-zts-20100525/pdo_mysql.so, 9): image not found in Unknown on line 0
[09-May-2015 01:42:23 UTC] PHP Warning:  PHP Startup: Unable to load dynamic library '/usr/local/opt/php56-igbinary/igbinary.so' - dlopen(/usr/local/opt/php56-igbinary/igbinary.so, 9): Symbol not found: _basic_globals
  Referenced from: /usr/local/opt/php56-igbinary/igbinary.so
  Expected in: flat namespace
 in /usr/local/opt/php56-igbinary/igbinary.so in Unknown on line 0
[09-May-2015 01:43:34 UTC] PHP Warning:  PHP Startup: Unable to load dynamic library '/usr/lib/php/extensions/no-debug-non-zts-20100525/php_gettext.so' - dlopen(/usr/lib/php/extensions/no-debug-non-zts-20100525/php_gettext.so, 9): image not found in Unknown on line 0
[09-May-2015 01:43:34 UTC] PHP Warning:  PHP Startup: Unable to load dynamic library '/usr/lib/php/extensions/no-debug-non-zts-20100525/pdo_mysql.so' - dlopen(/usr/lib/php/extensions/no-debug-non-zts-20100525/pdo_mysql.so, 9): image not found in Unknown on line 0
[09-May-2015 01:43:34 UTC] PHP Warning:  PHP Startup: Unable to load dynamic library '/usr/local/opt/php56-igbinary/igbinary.so' - dlopen(/usr/local/opt/php56-igbinary/igbinary.so, 9): Symbol not found: _basic_globals
  Referenced from: /usr/local/opt/php56-igbinary/igbinary.so
  Expected in: flat namespace
 in /usr/local/opt/php56-igbinary/igbinary.so in Unknown on line 0
[09-May-2015 01:44:14 UTC] PHP Warning:  PHP Startup: Unable to load dynamic library '/usr/lib/php/extensions/no-debug-non-zts-20100525/php_gettext.so' - dlopen(/usr/lib/php/extensions/no-debug-non-zts-20100525/php_gettext.so, 9): image not found in Unknown on line 0
[09-May-2015 01:44:14 UTC] PHP Warning:  PHP Startup: Unable to load dynamic library '/usr/lib/php/extensions/no-debug-non-zts-20100525/pdo_mysql.so' - dlopen(/usr/lib/php/extensions/no-debug-non-zts-20100525/pdo_mysql.so, 9): image not found in Unknown on line 0
[09-May-2015 01:44:14 UTC] PHP Warning:  PHP Startup: Unable to load dynamic library '/usr/local/opt/php56-igbinary/igbinary.so' - dlopen(/usr/local/opt/php56-igbinary/igbinary.so, 9): Symbol not found: _basic_globals
  Referenced from: /usr/local/opt/php56-igbinary/igbinary.so
  Expected in: flat namespace
 in /usr/local/opt/php56-igbinary/igbinary.so in Unknown on line 0
[09-May-2015 01:45:01 UTC] PHP Warning:  PHP Startup: Unable to load dynamic library '/usr/lib/php/extensions/no-debug-non-zts-20100525/php_gettext.so' - dlopen(/usr/lib/php/extensions/no-debug-non-zts-20100525/php_gettext.so, 9): image not found in Unknown on line 0
[09-May-2015 01:45:01 UTC] PHP Warning:  PHP Startup: Unable to load dynamic library '/usr/lib/php/extensions/no-debug-non-zts-20100525/pdo_mysql.so' - dlopen(/usr/lib/php/extensions/no-debug-non-zts-20100525/pdo_mysql.so, 9): image not found in Unknown on line 0
[09-May-2015 01:45:01 UTC] PHP Warning:  PHP Startup: Unable to load dynamic library '/usr/local/opt/php56-igbinary/igbinary.so' - dlopen(/usr/local/opt/php56-igbinary/igbinary.so, 9): Symbol not found: _basic_globals
  Referenced from: /usr/local/opt/php56-igbinary/igbinary.so
  Expected in: flat namespace
 in /usr/local/opt/php56-igbinary/igbinary.so in Unknown on line 0
[09-May-2015 01:45:53 UTC] PHP Warning:  PHP Startup: Unable to load dynamic library '/usr/lib/php/extensions/no-debug-non-zts-20100525/php_gettext.so' - dlopen(/usr/lib/php/extensions/no-debug-non-zts-20100525/php_gettext.so, 9): image not found in Unknown on line 0
[09-May-2015 01:45:53 UTC] PHP Warning:  PHP Startup: Unable to load dynamic library '/usr/lib/php/extensions/no-debug-non-zts-20100525/pdo_mysql.so' - dlopen(/usr/lib/php/extensions/no-debug-non-zts-20100525/pdo_mysql.so, 9): image not found in Unknown on line 0
[09-May-2015 01:45:53 UTC] PHP Warning:  PHP Startup: Unable to load dynamic library '/usr/local/opt/php56-igbinary/igbinary.so' - dlopen(/usr/local/opt/php56-igbinary/igbinary.so, 9): Symbol not found: _basic_globals
  Referenced from: /usr/local/opt/php56-igbinary/igbinary.so
  Expected in: flat namespace
 in /usr/local/opt/php56-igbinary/igbinary.so in Unknown on line 0
[09-May-2015 01:55:29 UTC] PHP Warning:  PHP Startup: Unable to load dynamic library '/usr/lib/php/extensions/no-debug-non-zts-20100525/php_gettext.so' - dlopen(/usr/lib/php/extensions/no-debug-non-zts-20100525/php_gettext.so, 9): image not found in Unknown on line 0
[09-May-2015 01:55:29 UTC] PHP Warning:  PHP Startup: Unable to load dynamic library '/usr/lib/php/extensions/no-debug-non-zts-20100525/pdo_mysql.so' - dlopen(/usr/lib/php/extensions/no-debug-non-zts-20100525/pdo_mysql.so, 9): image not found in Unknown on line 0
[09-May-2015 01:55:29 UTC] PHP Warning:  PHP Startup: Unable to load dynamic library '/usr/local/opt/php56-igbinary/igbinary.so' - dlopen(/usr/local/opt/php56-igbinary/igbinary.so, 9): Symbol not found: _basic_globals
  Referenced from: /usr/local/opt/php56-igbinary/igbinary.so
  Expected in: flat namespace
 in /usr/local/opt/php56-igbinary/igbinary.so in Unknown on line 0
[09-May-2015 02:01:21 UTC] PHP Warning:  PHP Startup: Unable to load dynamic library '/usr/lib/php/extensions/no-debug-non-zts-20100525/php_gettext.so' - dlopen(/usr/lib/php/extensions/no-debug-non-zts-20100525/php_gettext.so, 9): image not found in Unknown on line 0
[09-May-2015 02:01:21 UTC] PHP Warning:  PHP Startup: Unable to load dynamic library '/usr/lib/php/extensions/no-debug-non-zts-20100525/pdo_mysql.so' - dlopen(/usr/lib/php/extensions/no-debug-non-zts-20100525/pdo_mysql.so, 9): image not found in Unknown on line 0
[09-May-2015 02:01:21 UTC] PHP Warning:  PHP Startup: Unable to load dynamic library '/usr/local/opt/php56-igbinary/igbinary.so' - dlopen(/usr/local/opt/php56-igbinary/igbinary.so, 9): Symbol not found: _basic_globals
  Referenced from: /usr/local/opt/php56-igbinary/igbinary.so
  Expected in: flat namespace
 in /usr/local/opt/php56-igbinary/igbinary.so in Unknown on line 0
[09-May-2015 02:01:38 UTC] PHP Warning:  PHP Startup: Unable to load dynamic library '/usr/lib/php/extensions/no-debug-non-zts-20100525/php_gettext.so' - dlopen(/usr/lib/php/extensions/no-debug-non-zts-20100525/php_gettext.so, 9): image not found in Unknown on line 0
[09-May-2015 02:01:38 UTC] PHP Warning:  PHP Startup: Unable to load dynamic library '/usr/lib/php/extensions/no-debug-non-zts-20100525/pdo_mysql.so' - dlopen(/usr/lib/php/extensions/no-debug-non-zts-20100525/pdo_mysql.so, 9): image not found in Unknown on line 0
[09-May-2015 02:01:38 UTC] PHP Warning:  PHP Startup: Unable to load dynamic library '/usr/local/opt/php56-igbinary/igbinary.so' - dlopen(/usr/local/opt/php56-igbinary/igbinary.so, 9): Symbol not found: _basic_globals
  Referenced from: /usr/local/opt/php56-igbinary/igbinary.so
  Expected in: flat namespace
 in /usr/local/opt/php56-igbinary/igbinary.so in Unknown on line 0
[09-May-2015 02:01:53 UTC] PHP Warning:  PHP Startup: Unable to load dynamic library '/usr/lib/php/extensions/no-debug-non-zts-20100525/php_gettext.so' - dlopen(/usr/lib/php/extensions/no-debug-non-zts-20100525/php_gettext.so, 9): image not found in Unknown on line 0
[09-May-2015 02:01:53 UTC] PHP Warning:  PHP Startup: Unable to load dynamic library '/usr/lib/php/extensions/no-debug-non-zts-20100525/pdo_mysql.so' - dlopen(/usr/lib/php/extensions/no-debug-non-zts-20100525/pdo_mysql.so, 9): image not found in Unknown on line 0
[09-May-2015 02:01:53 UTC] PHP Warning:  PHP Startup: Unable to load dynamic library '/usr/local/opt/php56-igbinary/igbinary.so' - dlopen(/usr/local/opt/php56-igbinary/igbinary.so, 9): Symbol not found: _basic_globals
  Referenced from: /usr/local/opt/php56-igbinary/igbinary.so
  Expected in: flat namespace
 in /usr/local/opt/php56-igbinary/igbinary.so in Unknown on line 0
[09-May-2015 02:01:53 UTC] PHP Warning:  PHP Startup: Unable to load dynamic library '/usr/lib/php/extensions/no-debug-non-zts-20100525/php_gettext.so' - dlopen(/usr/lib/php/extensions/no-debug-non-zts-20100525/php_gettext.so, 9): image not found in Unknown on line 0
[09-May-2015 02:01:53 UTC] PHP Warning:  PHP Startup: Unable to load dynamic library '/usr/lib/php/extensions/no-debug-non-zts-20100525/pdo_mysql.so' - dlopen(/usr/lib/php/extensions/no-debug-non-zts-20100525/pdo_mysql.so, 9): image not found in Unknown on line 0
[09-May-2015 02:01:53 UTC] PHP Warning:  PHP Startup: Unable to load dynamic library '/usr/local/opt/php56-igbinary/igbinary.so' - dlopen(/usr/local/opt/php56-igbinary/igbinary.so, 9): Symbol not found: _basic_globals
  Referenced from: /usr/local/opt/php56-igbinary/igbinary.so
  Expected in: flat namespace
 in /usr/local/opt/php56-igbinary/igbinary.so in Unknown on line 0
[09-May-2015 02:04:20 UTC] PHP Warning:  PHP Startup: Unable to load dynamic library '/usr/lib/php/extensions/no-debug-non-zts-20100525/php_gettext.so' - dlopen(/usr/lib/php/extensions/no-debug-non-zts-20100525/php_gettext.so, 9): image not found in Unknown on line 0
[09-May-2015 02:04:20 UTC] PHP Warning:  PHP Startup: Unable to load dynamic library '/usr/lib/php/extensions/no-debug-non-zts-20100525/pdo_mysql.so' - dlopen(/usr/lib/php/extensions/no-debug-non-zts-20100525/pdo_mysql.so, 9): image not found in Unknown on line 0
[09-May-2015 02:04:20 UTC] PHP Warning:  PHP Startup: Unable to load dynamic library '/usr/local/opt/php56-igbinary/igbinary.so' - dlopen(/usr/local/opt/php56-igbinary/igbinary.so, 9): Symbol not found: _basic_globals
  Referenced from: /usr/local/opt/php56-igbinary/igbinary.so
  Expected in: flat namespace
 in /usr/local/opt/php56-igbinary/igbinary.so in Unknown on line 0
[09-May-2015 02:04:48 UTC] PHP Warning:  PHP Startup: Unable to load dynamic library '/usr/lib/php/extensions/no-debug-non-zts-20100525/php_gettext.so' - dlopen(/usr/lib/php/extensions/no-debug-non-zts-20100525/php_gettext.so, 9): image not found in Unknown on line 0
[09-May-2015 02:04:48 UTC] PHP Warning:  PHP Startup: Unable to load dynamic library '/usr/lib/php/extensions/no-debug-non-zts-20100525/pdo_mysql.so' - dlopen(/usr/lib/php/extensions/no-debug-non-zts-20100525/pdo_mysql.so, 9): image not found in Unknown on line 0
[09-May-2015 02:04:48 UTC] PHP Warning:  PHP Startup: Unable to load dynamic library '/usr/local/opt/php56-igbinary/igbinary.so' - dlopen(/usr/local/opt/php56-igbinary/igbinary.so, 9): Symbol not found: _basic_globals
  Referenced from: /usr/local/opt/php56-igbinary/igbinary.so
  Expected in: flat namespace
 in /usr/local/opt/php56-igbinary/igbinary.so in Unknown on line 0
[09-May-2015 02:04:59 UTC] PHP Warning:  PHP Startup: Unable to load dynamic library '/usr/lib/php/extensions/no-debug-non-zts-20100525/php_gettext.so' - dlopen(/usr/lib/php/extensions/no-debug-non-zts-20100525/php_gettext.so, 9): image not found in Unknown on line 0
[09-May-2015 02:04:59 UTC] PHP Warning:  PHP Startup: Unable to load dynamic library '/usr/lib/php/extensions/no-debug-non-zts-20100525/pdo_mysql.so' - dlopen(/usr/lib/php/extensions/no-debug-non-zts-20100525/pdo_mysql.so, 9): image not found in Unknown on line 0
[09-May-2015 02:04:59 UTC] PHP Warning:  PHP Startup: Unable to load dynamic library '/usr/local/opt/php56-igbinary/igbinary.so' - dlopen(/usr/local/opt/php56-igbinary/igbinary.so, 9): Symbol not found: _basic_globals
  Referenced from: /usr/local/opt/php56-igbinary/igbinary.so
  Expected in: flat namespace
 in /usr/local/opt/php56-igbinary/igbinary.so in Unknown on line 0
[09-May-2015 02:05:16 UTC] PHP Warning:  PHP Startup: Unable to load dynamic library '/usr/lib/php/extensions/no-debug-non-zts-20100525/php_gettext.so' - dlopen(/usr/lib/php/extensions/no-debug-non-zts-20100525/php_gettext.so, 9): image not found in Unknown on line 0
[09-May-2015 02:05:16 UTC] PHP Warning:  PHP Startup: Unable to load dynamic library '/usr/lib/php/extensions/no-debug-non-zts-20100525/pdo_mysql.so' - dlopen(/usr/lib/php/extensions/no-debug-non-zts-20100525/pdo_mysql.so, 9): image not found in Unknown on line 0
[09-May-2015 02:05:16 UTC] PHP Warning:  PHP Startup: Unable to load dynamic library '/usr/local/opt/php56-igbinary/igbinary.so' - dlopen(/usr/local/opt/php56-igbinary/igbinary.so, 9): Symbol not found: _basic_globals
  Referenced from: /usr/local/opt/php56-igbinary/igbinary.so
  Expected in: flat namespace
 in /usr/local/opt/php56-igbinary/igbinary.so in Unknown on line 0
[09-May-2015 02:05:16 UTC] PHP Warning:  PHP Startup: Unable to load dynamic library '/usr/lib/php/extensions/no-debug-non-zts-20100525/php_gettext.so' - dlopen(/usr/lib/php/extensions/no-debug-non-zts-20100525/php_gettext.so, 9): image not found in Unknown on line 0
[09-May-2015 02:05:16 UTC] PHP Warning:  PHP Startup: Unable to load dynamic library '/usr/lib/php/extensions/no-debug-non-zts-20100525/pdo_mysql.so' - dlopen(/usr/lib/php/extensions/no-debug-non-zts-20100525/pdo_mysql.so, 9): image not found in Unknown on line 0
[09-May-2015 02:05:16 UTC] PHP Warning:  PHP Startup: Unable to load dynamic library '/usr/local/opt/php56-igbinary/igbinary.so' - dlopen(/usr/local/opt/php56-igbinary/igbinary.so, 9): Symbol not found: _basic_globals
  Referenced from: /usr/local/opt/php56-igbinary/igbinary.so
  Expected in: flat namespace
 in /usr/local/opt/php56-igbinary/igbinary.so in Unknown on line 0
[09-May-2015 02:05:20 UTC] PHP Warning:  PHP Startup: Unable to load dynamic library '/usr/lib/php/extensions/no-debug-non-zts-20100525/php_gettext.so' - dlopen(/usr/lib/php/extensions/no-debug-non-zts-20100525/php_gettext.so, 9): image not found in Unknown on line 0
[09-May-2015 02:05:20 UTC] PHP Warning:  PHP Startup: Unable to load dynamic library '/usr/lib/php/extensions/no-debug-non-zts-20100525/pdo_mysql.so' - dlopen(/usr/lib/php/extensions/no-debug-non-zts-20100525/pdo_mysql.so, 9): image not found in Unknown on line 0
[09-May-2015 02:05:20 UTC] PHP Warning:  PHP Startup: Unable to load dynamic library '/usr/local/opt/php56-igbinary/igbinary.so' - dlopen(/usr/local/opt/php56-igbinary/igbinary.so, 9): Symbol not found: _basic_globals
  Referenced from: /usr/local/opt/php56-igbinary/igbinary.so
  Expected in: flat namespace
 in /usr/local/opt/php56-igbinary/igbinary.so in Unknown on line 0
[09-May-2015 02:05:45 UTC] PHP Warning:  PHP Startup: Unable to load dynamic library '/usr/lib/php/extensions/no-debug-non-zts-20100525/php_gettext.so' - dlopen(/usr/lib/php/extensions/no-debug-non-zts-20100525/php_gettext.so, 9): image not found in Unknown on line 0
[09-May-2015 02:05:45 UTC] PHP Warning:  PHP Startup: Unable to load dynamic library '/usr/lib/php/extensions/no-debug-non-zts-20100525/pdo_mysql.so' - dlopen(/usr/lib/php/extensions/no-debug-non-zts-20100525/pdo_mysql.so, 9): image not found in Unknown on line 0
[09-May-2015 02:05:45 UTC] PHP Warning:  PHP Startup: Unable to load dynamic library '/usr/local/opt/php56-igbinary/igbinary.so' - dlopen(/usr/local/opt/php56-igbinary/igbinary.so, 9): Symbol not found: _basic_globals
  Referenced from: /usr/local/opt/php56-igbinary/igbinary.so
  Expected in: flat namespace
 in /usr/local/opt/php56-igbinary/igbinary.so in Unknown on line 0
[09-May-2015 02:06:21 UTC] PHP Warning:  PHP Startup: Unable to load dynamic library '/usr/lib/php/extensions/no-debug-non-zts-20100525/php_gettext.so' - dlopen(/usr/lib/php/extensions/no-debug-non-zts-20100525/php_gettext.so, 9): image not found in Unknown on line 0
[09-May-2015 02:06:21 UTC] PHP Warning:  PHP Startup: Unable to load dynamic library '/usr/lib/php/extensions/no-debug-non-zts-20100525/pdo_mysql.so' - dlopen(/usr/lib/php/extensions/no-debug-non-zts-20100525/pdo_mysql.so, 9): image not found in Unknown on line 0
[09-May-2015 02:06:21 UTC] PHP Warning:  PHP Startup: Unable to load dynamic library '/usr/local/opt/php56-igbinary/igbinary.so' - dlopen(/usr/local/opt/php56-igbinary/igbinary.so, 9): Symbol not found: _basic_globals
  Referenced from: /usr/local/opt/php56-igbinary/igbinary.so
  Expected in: flat namespace
 in /usr/local/opt/php56-igbinary/igbinary.so in Unknown on line 0
[09-May-2015 02:06:46 UTC] PHP Warning:  PHP Startup: Unable to load dynamic library '/usr/lib/php/extensions/no-debug-non-zts-20100525/php_gettext.so' - dlopen(/usr/lib/php/extensions/no-debug-non-zts-20100525/php_gettext.so, 9): image not found in Unknown on line 0
[09-May-2015 02:06:46 UTC] PHP Warning:  PHP Startup: Unable to load dynamic library '/usr/lib/php/extensions/no-debug-non-zts-20100525/pdo_mysql.so' - dlopen(/usr/lib/php/extensions/no-debug-non-zts-20100525/pdo_mysql.so, 9): image not found in Unknown on line 0
[09-May-2015 02:06:46 UTC] PHP Warning:  PHP Startup: Unable to load dynamic library '/usr/local/opt/php56-igbinary/igbinary.so' - dlopen(/usr/local/opt/php56-igbinary/igbinary.so, 9): Symbol not found: _basic_globals
  Referenced from: /usr/local/opt/php56-igbinary/igbinary.so
  Expected in: flat namespace
 in /usr/local/opt/php56-igbinary/igbinary.so in Unknown on line 0
[09-May-2015 02:08:00 UTC] PHP Warning:  PHP Startup: Unable to load dynamic library '/usr/lib/php/extensions/no-debug-non-zts-20100525/php_gettext.so' - dlopen(/usr/lib/php/extensions/no-debug-non-zts-20100525/php_gettext.so, 9): image not found in Unknown on line 0
[09-May-2015 02:08:00 UTC] PHP Warning:  PHP Startup: Unable to load dynamic library '/usr/lib/php/extensions/no-debug-non-zts-20100525/pdo_mysql.so' - dlopen(/usr/lib/php/extensions/no-debug-non-zts-20100525/pdo_mysql.so, 9): image not found in Unknown on line 0
[09-May-2015 02:08:00 UTC] PHP Warning:  PHP Startup: Unable to load dynamic library '/usr/local/opt/php56-igbinary/igbinary.so' - dlopen(/usr/local/opt/php56-igbinary/igbinary.so, 9): Symbol not found: _basic_globals
  Referenced from: /usr/local/opt/php56-igbinary/igbinary.so
  Expected in: flat namespace
 in /usr/local/opt/php56-igbinary/igbinary.so in Unknown on line 0
[09-May-2015 02:08:13 UTC] PHP Warning:  PHP Startup: Unable to load dynamic library '/usr/lib/php/extensions/no-debug-non-zts-20100525/php_gettext.so' - dlopen(/usr/lib/php/extensions/no-debug-non-zts-20100525/php_gettext.so, 9): image not found in Unknown on line 0
[09-May-2015 02:08:13 UTC] PHP Warning:  PHP Startup: Unable to load dynamic library '/usr/lib/php/extensions/no-debug-non-zts-20100525/pdo_mysql.so' - dlopen(/usr/lib/php/extensions/no-debug-non-zts-20100525/pdo_mysql.so, 9): image not found in Unknown on line 0
[09-May-2015 02:08:13 UTC] PHP Warning:  PHP Startup: Unable to load dynamic library '/usr/local/opt/php56-igbinary/igbinary.so' - dlopen(/usr/local/opt/php56-igbinary/igbinary.so, 9): Symbol not found: _basic_globals
  Referenced from: /usr/local/opt/php56-igbinary/igbinary.so
  Expected in: flat namespace
 in /usr/local/opt/php56-igbinary/igbinary.so in Unknown on line 0
[09-May-2015 02:08:20 UTC] PHP Warning:  PHP Startup: Unable to load dynamic library '/usr/lib/php/extensions/no-debug-non-zts-20100525/php_gettext.so' - dlopen(/usr/lib/php/extensions/no-debug-non-zts-20100525/php_gettext.so, 9): image not found in Unknown on line 0
[09-May-2015 02:08:20 UTC] PHP Warning:  PHP Startup: Unable to load dynamic library '/usr/lib/php/extensions/no-debug-non-zts-20100525/pdo_mysql.so' - dlopen(/usr/lib/php/extensions/no-debug-non-zts-20100525/pdo_mysql.so, 9): image not found in Unknown on line 0
[09-May-2015 02:08:20 UTC] PHP Warning:  PHP Startup: Unable to load dynamic library '/usr/local/opt/php56-igbinary/igbinary.so' - dlopen(/usr/local/opt/php56-igbinary/igbinary.so, 9): Symbol not found: _basic_globals
  Referenced from: /usr/local/opt/php56-igbinary/igbinary.so
  Expected in: flat namespace
 in /usr/local/opt/php56-igbinary/igbinary.so in Unknown on line 0
[09-May-2015 02:08:32 UTC] PHP Warning:  PHP Startup: Unable to load dynamic library '/usr/lib/php/extensions/no-debug-non-zts-20100525/php_gettext.so' - dlopen(/usr/lib/php/extensions/no-debug-non-zts-20100525/php_gettext.so, 9): image not found in Unknown on line 0
[09-May-2015 02:08:32 UTC] PHP Warning:  PHP Startup: Unable to load dynamic library '/usr/lib/php/extensions/no-debug-non-zts-20100525/pdo_mysql.so' - dlopen(/usr/lib/php/extensions/no-debug-non-zts-20100525/pdo_mysql.so, 9): image not found in Unknown on line 0
[09-May-2015 02:08:32 UTC] PHP Warning:  PHP Startup: Unable to load dynamic library '/usr/local/opt/php56-igbinary/igbinary.so' - dlopen(/usr/local/opt/php56-igbinary/igbinary.so, 9): Symbol not found: _basic_globals
  Referenced from: /usr/local/opt/php56-igbinary/igbinary.so
  Expected in: flat namespace
 in /usr/local/opt/php56-igbinary/igbinary.so in Unknown on line 0
[09-May-2015 02:12:48 UTC] PHP Warning:  PHP Startup: Unable to load dynamic library '/usr/lib/php/extensions/no-debug-non-zts-20100525/php_gettext.so' - dlopen(/usr/lib/php/extensions/no-debug-non-zts-20100525/php_gettext.so, 9): image not found in Unknown on line 0
[09-May-2015 02:12:48 UTC] PHP Warning:  PHP Startup: Unable to load dynamic library '/usr/lib/php/extensions/no-debug-non-zts-20100525/pdo_mysql.so' - dlopen(/usr/lib/php/extensions/no-debug-non-zts-20100525/pdo_mysql.so, 9): image not found in Unknown on line 0
[09-May-2015 02:12:48 UTC] PHP Warning:  PHP Startup: Unable to load dynamic library '/usr/local/opt/php56-igbinary/igbinary.so' - dlopen(/usr/local/opt/php56-igbinary/igbinary.so, 9): Symbol not found: _basic_globals
  Referenced from: /usr/local/opt/php56-igbinary/igbinary.so
  Expected in: flat namespace
 in /usr/local/opt/php56-igbinary/igbinary.so in Unknown on line 0
[09-May-2015 02:12:56 UTC] PHP Warning:  PHP Startup: Unable to load dynamic library '/usr/lib/php/extensions/no-debug-non-zts-20100525/php_gettext.so' - dlopen(/usr/lib/php/extensions/no-debug-non-zts-20100525/php_gettext.so, 9): image not found in Unknown on line 0
[09-May-2015 02:12:56 UTC] PHP Warning:  PHP Startup: Unable to load dynamic library '/usr/lib/php/extensions/no-debug-non-zts-20100525/pdo_mysql.so' - dlopen(/usr/lib/php/extensions/no-debug-non-zts-20100525/pdo_mysql.so, 9): image not found in Unknown on line 0
[09-May-2015 02:12:56 UTC] PHP Warning:  PHP Startup: Unable to load dynamic library '/usr/local/opt/php56-igbinary/igbinary.so' - dlopen(/usr/local/opt/php56-igbinary/igbinary.so, 9): Symbol not found: _basic_globals
  Referenced from: /usr/local/opt/php56-igbinary/igbinary.so
  Expected in: flat namespace
 in /usr/local/opt/php56-igbinary/igbinary.so in Unknown on line 0
[09-May-2015 02:13:04 UTC] PHP Warning:  PHP Startup: Unable to load dynamic library '/usr/lib/php/extensions/no-debug-non-zts-20100525/php_gettext.so' - dlopen(/usr/lib/php/extensions/no-debug-non-zts-20100525/php_gettext.so, 9): image not found in Unknown on line 0
[09-May-2015 02:13:04 UTC] PHP Warning:  PHP Startup: Unable to load dynamic library '/usr/lib/php/extensions/no-debug-non-zts-20100525/pdo_mysql.so' - dlopen(/usr/lib/php/extensions/no-debug-non-zts-20100525/pdo_mysql.so, 9): image not found in Unknown on line 0
[09-May-2015 02:13:04 UTC] PHP Warning:  PHP Startup: Unable to load dynamic library '/usr/local/opt/php56-igbinary/igbinary.so' - dlopen(/usr/local/opt/php56-igbinary/igbinary.so, 9): Symbol not found: _basic_globals
  Referenced from: /usr/local/opt/php56-igbinary/igbinary.so
  Expected in: flat namespace
 in /usr/local/opt/php56-igbinary/igbinary.so in Unknown on line 0
[09-May-2015 02:41:52 UTC] PHP Warning:  PHP Startup: Unable to load dynamic library '/usr/lib/php/extensions/no-debug-non-zts-20100525/php_gettext.so' - dlopen(/usr/lib/php/extensions/no-debug-non-zts-20100525/php_gettext.so, 9): image not found in Unknown on line 0
[09-May-2015 02:41:52 UTC] PHP Warning:  PHP Startup: Unable to load dynamic library '/usr/lib/php/extensions/no-debug-non-zts-20100525/pdo_mysql.so' - dlopen(/usr/lib/php/extensions/no-debug-non-zts-20100525/pdo_mysql.so, 9): image not found in Unknown on line 0
[09-May-2015 02:41:52 UTC] PHP Warning:  PHP Startup: Unable to load dynamic library '/usr/local/opt/php56-igbinary/igbinary.so' - dlopen(/usr/local/opt/php56-igbinary/igbinary.so, 9): Symbol not found: _basic_globals
  Referenced from: /usr/local/opt/php56-igbinary/igbinary.so
  Expected in: flat namespace
 in /usr/local/opt/php56-igbinary/igbinary.so in Unknown on line 0
[09-May-2015 02:42:46 UTC] PHP Warning:  PHP Startup: Unable to load dynamic library '/usr/lib/php/extensions/no-debug-non-zts-20100525/php_gettext.so' - dlopen(/usr/lib/php/extensions/no-debug-non-zts-20100525/php_gettext.so, 9): image not found in Unknown on line 0
[09-May-2015 02:42:46 UTC] PHP Warning:  PHP Startup: Unable to load dynamic library '/usr/lib/php/extensions/no-debug-non-zts-20100525/pdo_mysql.so' - dlopen(/usr/lib/php/extensions/no-debug-non-zts-20100525/pdo_mysql.so, 9): image not found in Unknown on line 0
[09-May-2015 02:42:46 UTC] PHP Warning:  PHP Startup: Unable to load dynamic library '/usr/local/opt/php56-igbinary/igbinary.so' - dlopen(/usr/local/opt/php56-igbinary/igbinary.so, 9): Symbol not found: _basic_globals
  Referenced from: /usr/local/opt/php56-igbinary/igbinary.so
  Expected in: flat namespace
 in /usr/local/opt/php56-igbinary/igbinary.so in Unknown on line 0
